Release 14.7 - xst P.20131013 (lin64)
Copyright (c) 1995-2013 Xilinx, Inc.  All rights reserved.
--> 
Parameter TMPDIR set to xst/projnav.tmp


Total REAL time to Xst completion: 0.00 secs
Total CPU time to Xst completion: 0.07 secs
 
--> 
Parameter xsthdpdir set to xst


Total REAL time to Xst completion: 0.00 secs
Total CPU time to Xst completion: 0.07 secs
 
--> 
Reading design: wishbone_communication.prj

TABLE OF CONTENTS
  1) Synthesis Options Summary
  2) HDL Parsing
  3) HDL Elaboration
  4) HDL Synthesis
       4.1) HDL Synthesis Report
  5) Advanced HDL Synthesis
       5.1) Advanced HDL Synthesis Report
  6) Low Level Synthesis
  7) Partition Report
  8) Design Summary
       8.1) Primitive and Black Box Usage
       8.2) Device utilization summary
       8.3) Partition Resource Summary
       8.4) Timing Report
            8.4.1) Clock Information
            8.4.2) Asynchronous Control Signals Information
            8.4.3) Timing Summary
            8.4.4) Timing Details
            8.4.5) Cross Clock Domains Report


=========================================================================
*                      Synthesis Options Summary                        *
=========================================================================
---- Source Parameters
Input File Name                    : "wishbone_communication.prj"
Ignore Synthesis Constraint File   : NO

---- Target Parameters
Output File Name                   : "wishbone_communication"
Output Format                      : NGC
Target Device                      : xc6slx9-2-tqg144

---- Source Options
Top Module Name                    : wishbone_communication
Automatic FSM Extraction           : YES
FSM Encoding Algorithm             : Auto
Safe Implementation                : No
FSM Style                          : LUT
RAM Extraction                     : Yes
RAM Style                          : Auto
ROM Extraction                     : Yes
Shift Register Extraction          : YES
ROM Style                          : Auto
Resource Sharing                   : YES
Asynchronous To Synchronous        : NO
Shift Register Minimum Size        : 2
Use DSP Block                      : Auto
Automatic Register Balancing       : No

---- Target Options
LUT Combining                      : Auto
Reduce Control Sets                : Auto
Add IO Buffers                     : YES
Global Maximum Fanout              : 100000
Add Generic Clock Buffer(BUFG)     : 16
Register Duplication               : YES
Optimize Instantiated Primitives   : NO
Use Clock Enable                   : Auto
Use Synchronous Set                : Auto
Use Synchronous Reset              : Auto
Pack IO Registers into IOBs        : Auto
Equivalent register Removal        : YES

---- General Options
Optimization Goal                  : Speed
Optimization Effort                : 1
Power Reduction                    : NO
Keep Hierarchy                     : No
Netlist Hierarchy                  : As_Optimized
RTL Output                         : Yes
Global Optimization                : AllClockNets
Read Cores                         : YES
Write Timing Constraints           : NO
Cross Clock Analysis               : NO
Hierarchy Separator                : /
Bus Delimiter                      : <>
Case Specifier                     : Maintain
Slice Utilization Ratio            : 100
BRAM Utilization Ratio             : 100
DSP48 Utilization Ratio            : 100
Auto BRAM Packing                  : NO
Slice Utilization Ratio Delta      : 5

=========================================================================


=========================================================================
*                          HDL Parsing                                  *
=========================================================================
Analyzing Verilog file "/home/jun/logibone/logiboneprojects/communication_tmp/wishbone_communication.v" into library work
Parsing module <wishbone_communication>.
Parsing VHDL file "/home/jun/logibone/logiboneprojects/logi-hard/hdl/wishbone/logi_wishbone_pack.vhd" into library work
Parsing package <logi_wishbone_pack>.
Parsing package body <logi_wishbone_pack>.
Parsing VHDL file "/home/jun/logibone/logiboneprojects/logi-hard/hdl/utils/logi_utils_pack.vhd" into library work
Parsing package <logi_utils_pack>.
Parsing package body <logi_utils_pack>.
Parsing VHDL file "/home/jun/logibone/logiboneprojects/logi-hard/hdl/wishbone/wishbone_intercon.vhd" into library work
Parsing entity <wishbone_intercon>.
Parsing architecture <Behavioral> of entity <wishbone_intercon>.
Parsing VHDL file "/home/jun/logibone/logiboneprojects/logi-hard/hdl/wishbone/peripherals/wishbone_gpio.vhd" into library work
Parsing entity <wishbone_gpio>.
Parsing architecture <Behavioral> of entity <wishbone_gpio>.
Parsing VHDL file "/home/jun/logibone/logiboneprojects/logi-hard/hdl/wishbone/peripherals/logi_wishbone_peripherals_pack.vhd" into library work
Parsing package <logi_wishbone_peripherals_pack>.
Parsing package body <logi_wishbone_peripherals_pack>.
Parsing VHDL file "/home/jun/logibone/logiboneprojects/logi-hard/hdl/wishbone/gpmc_wishbone_wrapper.vhd" into library work
Parsing entity <gpmc_wishbone_wrapper>.
Parsing architecture <RTL> of entity <gpmc_wishbone_wrapper>.
Parsing VHDL file "/home/jun/logibone/logiboneprojects/communication_tmp/communication.vhd" into library work
Parsing entity <communication>.
Parsing architecture <structural> of entity <communication>.

=========================================================================
*                            HDL Elaboration                            *
=========================================================================

Elaborating module <wishbone_communication>.
Going to vhdl side to elaborate module communication

Elaborating entity <communication> (architecture <structural>) from library <work>.

Elaborating entity <gpmc_wishbone_wrapper> (architecture <RTL>) with generics from library <work>.

Elaborating entity <wishbone_intercon> (architecture <Behavioral>) with generics from library <work>.

Elaborating entity <wishbone_gpio> (architecture <Behavioral>) with generics from library <work>.
Back to verilog to continue elaboration
WARNING:HDLCompiler:552 - "/home/jun/logibone/logiboneprojects/communication_tmp/wishbone_communication.v" Line 32: Input port PB[1] is not connected on this instance

=========================================================================
*                           HDL Synthesis                               *
=========================================================================

Synthesizing Unit <wishbone_communication>.
    Related source file is "/home/jun/logibone/logiboneprojects/communication_tmp/wishbone_communication.v".
WARNING:Xst:2898 - Port 'PB', unconnected in block instance 'u1', is tied to GND.
WARNING:Xst:2898 - Port 'SW', unconnected in block instance 'u1', is tied to GND.
INFO:Xst:3210 - "/home/jun/logibone/logiboneprojects/communication_tmp/wishbone_communication.v" line 32: Output port <LED> of the instance <u1> is unconnected or connected to loadless signal.
    Summary:
	no macro.
Unit <wishbone_communication> synthesized.

Synthesizing Unit <communication>.
    Related source file is "/home/jun/logibone/logiboneprojects/communication_tmp/communication.vhd".
WARNING:Xst:647 - Input <PB> is never used. This port will be preserved and left unconnected if it belongs to a top-level block or it belongs to a sub-block and the hierarchy of this sub-block is preserved.
WARNING:Xst:647 - Input <SW> is never used. This port will be preserved and left unconnected if it belongs to a top-level block or it belongs to a sub-block and the hierarchy of this sub-block is preserved.
    Found 1-bit tristate buffer for signal <LED<1>> created at line 21
    Found 1-bit tristate buffer for signal <LED<0>> created at line 21
    Found 1-bit tristate buffer for signal <PMOD1<7>> created at line 22
    Found 1-bit tristate buffer for signal <PMOD1<6>> created at line 22
    Found 1-bit tristate buffer for signal <PMOD1<5>> created at line 22
    Found 1-bit tristate buffer for signal <PMOD1<4>> created at line 22
    Found 1-bit tristate buffer for signal <PMOD1<3>> created at line 22
    Found 1-bit tristate buffer for signal <PMOD1<2>> created at line 22
    Found 1-bit tristate buffer for signal <PMOD1<1>> created at line 22
    Found 1-bit tristate buffer for signal <PMOD1<0>> created at line 22
    Found 1-bit tristate buffer for signal <PMOD2<7>> created at line 23
    Found 1-bit tristate buffer for signal <PMOD2<6>> created at line 23
    Found 1-bit tristate buffer for signal <PMOD2<5>> created at line 23
    Found 1-bit tristate buffer for signal <PMOD2<4>> created at line 23
    Found 1-bit tristate buffer for signal <PMOD2<3>> created at line 23
    Found 1-bit tristate buffer for signal <PMOD2<2>> created at line 23
    Found 1-bit tristate buffer for signal <PMOD2<1>> created at line 23
    Found 1-bit tristate buffer for signal <PMOD2<0>> created at line 23
    Found 1-bit tristate buffer for signal <ARD<5>> created at line 24
    Found 1-bit tristate buffer for signal <ARD<4>> created at line 24
    Found 1-bit tristate buffer for signal <ARD<3>> created at line 24
    Found 1-bit tristate buffer for signal <ARD<2>> created at line 24
    Found 1-bit tristate buffer for signal <ARD<1>> created at line 24
    Found 1-bit tristate buffer for signal <ARD<0>> created at line 24
    Found 1-bit tristate buffer for signal <ARD_SCL> created at line 168
    Found 1-bit tristate buffer for signal <ARD_SDA> created at line 172
    Summary:
	inferred  26 Tristate(s).
Unit <communication> synthesized.

Synthesizing Unit <gpmc_wishbone_wrapper>.
    Related source file is "/home/jun/logibone/logiboneprojects/logi-hard/hdl/wishbone/gpmc_wishbone_wrapper.vhd".
        sync = true
        burst = false
    Set property "IOB = TRUE" for signal <iob_readdata>.
    Set property "IOB = TRUE" for signal <csn_bridge>.
    Set property "IOB = TRUE" for signal <wen_bridge>.
    Set property "IOB = TRUE" for signal <oen_bridge>.
WARNING:Xst:647 - Input <wbm_ack> is never used. This port will be preserved and left unconnected if it belongs to a top-level block or it belongs to a sub-block and the hierarchy of this sub-block is preserved.
    Found 1-bit register for signal <wen_bridge>.
    Found 1-bit register for signal <oen_bridge>.
    Found 1-bit register for signal <iob_dq_hiz>.
    Found 1-bit register for signal <csn>.
    Found 1-bit register for signal <writen>.
    Found 1-bit register for signal <readn>.
    Found 1-bit register for signal <csn_sync_0>.
    Found 1-bit register for signal <writen_sync_0>.
    Found 1-bit register for signal <readn_sync_0>.
    Found 1-bit register for signal <csn_bridge>.
    Found 16-bit register for signal <address_bridge>.
    Found 16-bit register for signal <iob_readdata>.
    Found 16-bit register for signal <writedata_bridge>.
    Found 16-bit register for signal <writedata>.
    Found 16-bit register for signal <writedata_sync_0>.
    Found 16-bit register for signal <address>.
    Found 16-bit register for signal <address_sync_0>.
    Found 16-bit register for signal <readdata_bridge>.
INFO:Xst:2774 - HDL ADVISOR - IOB property attached to signal csn_bridge may hinder XST clustering optimizations.
INFO:Xst:2774 - HDL ADVISOR - IOB property attached to signal wen_bridge may hinder XST clustering optimizations.
    Summary:
	inferred 138 D-type flip-flop(s).
Unit <gpmc_wishbone_wrapper> synthesized.

Synthesizing Unit <wishbone_intercon>.
    Related source file is "/home/jun/logibone/logiboneprojects/logi-hard/hdl/wishbone/wishbone_intercon.vhd".
        memory_map = ("000000000000000X")
WARNING:Xst:647 - Input <gls_reset> is never used. This port will be preserved and left unconnected if it belongs to a top-level block or it belongs to a sub-block and the hierarchy of this sub-block is preserved.
WARNING:Xst:647 - Input <gls_clk> is never used. This port will be preserved and left unconnected if it belongs to a top-level block or it belongs to a sub-block and the hierarchy of this sub-block is preserved.
    Found 1-bit tristate buffer for signal <wbs_readdata<15>> created at line 84
    Found 1-bit tristate buffer for signal <wbs_readdata<14>> created at line 84
    Found 1-bit tristate buffer for signal <wbs_readdata<13>> created at line 84
    Found 1-bit tristate buffer for signal <wbs_readdata<12>> created at line 84
    Found 1-bit tristate buffer for signal <wbs_readdata<11>> created at line 84
    Found 1-bit tristate buffer for signal <wbs_readdata<10>> created at line 84
    Found 1-bit tristate buffer for signal <wbs_readdata<9>> created at line 84
    Found 1-bit tristate buffer for signal <wbs_readdata<8>> created at line 84
    Found 1-bit tristate buffer for signal <wbs_readdata<7>> created at line 84
    Found 1-bit tristate buffer for signal <wbs_readdata<6>> created at line 84
    Found 1-bit tristate buffer for signal <wbs_readdata<5>> created at line 84
    Found 1-bit tristate buffer for signal <wbs_readdata<4>> created at line 84
    Found 1-bit tristate buffer for signal <wbs_readdata<3>> created at line 84
    Found 1-bit tristate buffer for signal <wbs_readdata<2>> created at line 84
    Found 1-bit tristate buffer for signal <wbs_readdata<1>> created at line 84
    Found 1-bit tristate buffer for signal <wbs_readdata<0>> created at line 84
    Found 1-bit tristate buffer for signal <wbs_readdata<15>> created at line 91
    Found 1-bit tristate buffer for signal <wbs_readdata<14>> created at line 91
    Found 1-bit tristate buffer for signal <wbs_readdata<13>> created at line 91
    Found 1-bit tristate buffer for signal <wbs_readdata<12>> created at line 91
    Found 1-bit tristate buffer for signal <wbs_readdata<11>> created at line 91
    Found 1-bit tristate buffer for signal <wbs_readdata<10>> created at line 91
    Found 1-bit tristate buffer for signal <wbs_readdata<9>> created at line 91
    Found 1-bit tristate buffer for signal <wbs_readdata<8>> created at line 91
    Found 1-bit tristate buffer for signal <wbs_readdata<7>> created at line 91
    Found 1-bit tristate buffer for signal <wbs_readdata<6>> created at line 91
    Found 1-bit tristate buffer for signal <wbs_readdata<5>> created at line 91
    Found 1-bit tristate buffer for signal <wbs_readdata<4>> created at line 91
    Found 1-bit tristate buffer for signal <wbs_readdata<3>> created at line 91
    Found 1-bit tristate buffer for signal <wbs_readdata<2>> created at line 91
    Found 1-bit tristate buffer for signal <wbs_readdata<1>> created at line 91
    Found 1-bit tristate buffer for signal <wbs_readdata<0>> created at line 91
    Summary:
	inferred  32 Tristate(s).
Unit <wishbone_intercon> synthesized.

Synthesizing Unit <wishbone_gpio>.
    Related source file is "/home/jun/logibone/logiboneprojects/logi-hard/hdl/wishbone/peripherals/wishbone_gpio.vhd".
        wb_size = 16
WARNING:Xst:647 - Input <wbs_address<15:1>> is never used. This port will be preserved and left unconnected if it belongs to a top-level block or it belongs to a sub-block and the hierarchy of this sub-block is preserved.
    Found 1-bit register for signal <write_ack>.
    Found 16-bit register for signal <output>.
    Found 16-bit register for signal <dir>.
    Found 16-bit register for signal <input>.
    Found 16-bit register for signal <wbs_readdata>.
    Found 1-bit register for signal <read_ack>.
    Found 1-bit tristate buffer for signal <gpio<15>> created at line 50
    Found 1-bit tristate buffer for signal <gpio<14>> created at line 50
    Found 1-bit tristate buffer for signal <gpio<13>> created at line 50
    Found 1-bit tristate buffer for signal <gpio<12>> created at line 50
    Found 1-bit tristate buffer for signal <gpio<11>> created at line 50
    Found 1-bit tristate buffer for signal <gpio<10>> created at line 50
    Found 1-bit tristate buffer for signal <gpio<9>> created at line 50
    Found 1-bit tristate buffer for signal <gpio<8>> created at line 50
    Found 1-bit tristate buffer for signal <gpio<7>> created at line 50
    Found 1-bit tristate buffer for signal <gpio<6>> created at line 50
    Found 1-bit tristate buffer for signal <gpio<5>> created at line 50
    Found 1-bit tristate buffer for signal <gpio<4>> created at line 50
    Found 1-bit tristate buffer for signal <gpio<3>> created at line 50
    Found 1-bit tristate buffer for signal <gpio<2>> created at line 50
    Found 1-bit tristate buffer for signal <gpio<1>> created at line 50
    Found 1-bit tristate buffer for signal <gpio<0>> created at line 50
    Summary:
	inferred  66 D-type flip-flop(s).
	inferred   2 Multiplexer(s).
	inferred  16 Tristate(s).
Unit <wishbone_gpio> synthesized.

=========================================================================
HDL Synthesis Report

Macro Statistics
# Registers                                            : 24
 1-bit register                                        : 12
 16-bit register                                       : 12
# Multiplexers                                         : 2
 1-bit 2-to-1 multiplexer                              : 1
 16-bit 2-to-1 multiplexer                             : 1
# Tristates                                            : 74
 1-bit tristate buffer                                 : 74
# Xors                                                 : 1
 1-bit xor2                                            : 1

=========================================================================

=========================================================================
*                       Advanced HDL Synthesis                          *
=========================================================================


=========================================================================
Advanced HDL Synthesis Report

Macro Statistics
# Registers                                            : 204
 Flip-Flops                                            : 204
# Multiplexers                                         : 16
 1-bit 2-to-1 multiplexer                              : 16
# Xors                                                 : 1
 1-bit xor2                                            : 1

=========================================================================

=========================================================================
*                         Low Level Synthesis                           *
=========================================================================
INFO:Xst:1901 - Instance PLL_BASE_inst in unit PLL_BASE_inst of type PLL_BASE has been replaced by PLL_ADV
WARNING:Xst:2042 - Unit wishbone_communication: 16 internal tristates are replaced by logic (pull-up yes): N10, N11, N12, N13, N14, N15, N16, N17, N2, N3, N4, N5, N6, N7, N8, N9.
WARNING:Xst:2040 - Unit wishbone_intercon: 16 multi-source signals are replaced by logic (pull-up yes): wbs_readdata<0>, wbs_readdata<10>, wbs_readdata<11>, wbs_readdata<12>, wbs_readdata<13>, wbs_readdata<14>, wbs_readdata<15>, wbs_readdata<1>, wbs_readdata<2>, wbs_readdata<3>, wbs_readdata<4>, wbs_readdata<5>, wbs_readdata<6>, wbs_readdata<7>, wbs_readdata<8>, wbs_readdata<9>.

Optimizing unit <wishbone_communication> ...

Optimizing unit <gpmc_wishbone_wrapper> ...

Optimizing unit <wishbone_intercon> ...
WARNING:Xst:2677 - Node <u1/gpio/read_ack> of sequential type is unconnected in block <wishbone_communication>.
WARNING:Xst:2677 - Node <u1/gpio/write_ack> of sequential type is unconnected in block <wishbone_communication>.

Mapping all equations...
Building and optimizing final netlist ...
Found area constraint ratio of 100 (+ 5) on block wishbone_communication, actual ratio is 4.
FlipFlop u1/Master_0/writen has been replicated 1 time(s)
FlipFlop u1/Master_0/iob_dq_hiz has been replicated 15 time(s) to handle iob=true attribute.

Final Macro Processing ...

=========================================================================
Final Register Report

Macro Statistics
# Registers                                            : 218
 Flip-Flops                                            : 218

=========================================================================

=========================================================================
*                           Partition Report                            *
=========================================================================

Partition Implementation Status
-------------------------------

  No Partitions were found in this design.

-------------------------------

=========================================================================
*                            Design Summary                             *
=========================================================================

Top Level Output File Name         : wishbone_communication.ngc

Primitive and Black Box Usage:
------------------------------
# BELS                             : 137
#      GND                         : 1
#      INV                         : 18
#      LUT2                        : 16
#      LUT3                        : 33
#      LUT5                        : 1
#      LUT6                        : 68
# FlipFlops/Latches                : 218
#      FDC                         : 112
#      FDC_1                       : 32
#      FDCE_1                      : 16
#      FDE                         : 32
#      FDP                         : 7
#      FDP_1                       : 19
# Clock Buffers                    : 2
#      BUFG                        : 1
#      BUFGP                       : 1
# IO Buffers                       : 37
#      IBUF                        : 4
#      IBUFG                       : 1
#      IOBUF                       : 16
#      OBUFT                       : 16
# Others                           : 1
#      PLL_ADV                     : 1

Device utilization summary:
---------------------------

Selected Device : 6slx9tqg144-2 


Slice Logic Utilization: 
 Number of Slice Registers:             183  out of  11440     1%  
 Number of Slice LUTs:                  136  out of   5720     2%  
    Number used as Logic:               136  out of   5720     2%  

Slice Logic Distribution: 
 Number of LUT Flip Flop pairs used:    230
   Number with an unused Flip Flop:      47  out of    230    20%  
   Number with an unused LUT:            94  out of    230    40%  
   Number of fully used LUT-FF pairs:    89  out of    230    38%  
   Number of unique control sets:         4

IO Utilization: 
 Number of IOs:                          38
 Number of bonded IOBs:                  38  out of    102    37%  
    IOB Flip Flops/Latches:              35

Specific Feature Utilization:
 Number of BUFG/BUFGCTRLs:                2  out of     16    12%  
 Number of PLL_ADVs:                      1  out of      2    50%  

---------------------------
Partition Resource Summary:
---------------------------

  No Partitions were found in this design.

---------------------------


=========================================================================
Timing Report

NOTE: THESE TIMING NUMBERS ARE ONLY A SYNTHESIS ESTIMATE.
      FOR ACCURATE TIMING INFORMATION PLEASE REFER TO THE TRACE REPORT
      GENERATED AFTER PLACE-and-ROUTE.

Clock Information:
------------------
-----------------------------------+------------------------------+-------+
Clock Signal                       | Clock buffer(FF name)        | Load  |
-----------------------------------+------------------------------+-------+
u1/PLL_BASE_inst/CLKOUT0           | NONE(u1/gpio/wbs_readdata_15)| 151   |
GPMC_CLK                           | BUFGP                        | 67    |
-----------------------------------+------------------------------+-------+
INFO:Xst:2169 - HDL ADVISOR - Some clock signals were not automatically buffered by XST with BUFG/BUFR resources. Please use the buffer_type constraint in order to insert these buffers to the clock signals to help prevent skew problems.

Asynchronous Control Signals Information:
----------------------------------------
No asynchronous control signals found in this design

Timing Summary:
---------------
Speed Grade: -2

   Minimum period: 4.550ns (Maximum Frequency: 219.780MHz)
   Minimum input arrival time before clock: 3.747ns
   Maximum output required time after clock: 5.213ns
   Maximum combinational path delay: No path found

Timing Details:
---------------
All values displayed in nanoseconds (ns)

=========================================================================
Timing constraint: Default period analysis for Clock 'u1/PLL_BASE_inst/CLKOUT0'
  Clock period: 4.550ns (frequency: 219.780MHz)
  Total number of paths / destination ports: 1124 / 116
-------------------------------------------------------------------------
Delay:               4.550ns (Levels of Logic = 3)
  Source:            u1/Master_0/address_8 (FF)
  Destination:       u1/Master_0/readdata_bridge_15 (FF)
  Source Clock:      u1/PLL_BASE_inst/CLKOUT0 rising
  Destination Clock: u1/PLL_BASE_inst/CLKOUT0 rising

  Data Path: u1/Master_0/address_8 to u1/Master_0/readdata_bridge_15
                                Gate     Net
    Cell:in->out      fanout   Delay   Delay  Logical Name (Net Name)
    ----------------------------------------  ------------
     FDC:C->Q              3   0.525   1.221  u1/Master_0/address_8 (u1/Master_0/address_8)
     LUT6:I0->O            1   0.254   0.790  u1/Intercon_0/cs_vector<15>2_1 (u1/Intercon_0/cs_vector<15>2)
     LUT5:I3->O           16   0.250   1.182  u1/Intercon_0/cs_vector<15>3 (u1/Intercon_0/cs_vector)
     LUT3:I2->O            1   0.254   0.000  u1/Intercon_0/wbs_readdata<0>LogicTrst1 (u1/Master_0_wbm_Intercon_0_wbs_0_readdata<0>)
     FDC:D                     0.074          u1/Master_0/readdata_bridge_0
    ----------------------------------------
    Total                      4.550ns (1.357ns logic, 3.193ns route)
                                       (29.8% logic, 70.2% route)

=========================================================================
Timing constraint: Default OFFSET IN BEFORE for Clock 'GPMC_CLK'
  Total number of paths / destination ports: 67 / 67
-------------------------------------------------------------------------
Offset:              3.747ns (Levels of Logic = 2)
  Source:            GPMC_ADVN (PAD)
  Destination:       u1/Master_0/address_bridge_15 (FF)
  Destination Clock: GPMC_CLK falling

  Data Path: GPMC_ADVN to u1/Master_0/address_bridge_15
                                Gate     Net
    Cell:in->out      fanout   Delay   Delay  Logical Name (Net Name)
    ----------------------------------------  ------------
     IBUF:I->O             1   1.328   0.681  GPMC_ADVN_IBUF (GPMC_ADVN_IBUF)
     INV:I->O             16   0.255   1.181  u1/Master_0/gpmc_advn_inv1_INV_0 (u1/Master_0/gpmc_advn_inv)
     FDCE_1:CE                 0.302          u1/Master_0/address_bridge_0
    ----------------------------------------
    Total                      3.747ns (1.885ns logic, 1.862ns route)
                                       (50.3% logic, 49.7% route)

=========================================================================
Timing constraint: Default OFFSET OUT AFTER for Clock 'GPMC_CLK'
  Total number of paths / destination ports: 32 / 16
-------------------------------------------------------------------------
Offset:              4.118ns (Levels of Logic = 1)
  Source:            u1/Master_0/iob_readdata_15 (FF)
  Destination:       GPMC_AD<15> (PAD)
  Source Clock:      GPMC_CLK falling

  Data Path: u1/Master_0/iob_readdata_15 to GPMC_AD<15>
                                Gate     Net
    Cell:in->out      fanout   Delay   Delay  Logical Name (Net Name)
    ----------------------------------------  ------------
     FDC_1:C->Q            1   0.525   0.681  u1/Master_0/iob_readdata_15 (u1/Master_0/iob_readdata_15)
     IOBUF:I->IO               2.912          u1/Master_0/gen_syn.iob_dq_g[15].iob_dq_iob (GPMC_AD<15>)
    ----------------------------------------
    Total                      4.118ns (3.437ns logic, 0.681ns route)
                                       (83.5% logic, 16.5% route)

=========================================================================
Timing constraint: Default OFFSET OUT AFTER for Clock 'u1/PLL_BASE_inst/CLKOUT0'
  Total number of paths / destination ports: 32 / 16
-------------------------------------------------------------------------
Offset:              5.213ns (Levels of Logic = 2)
  Source:            u1/gpio/dir_15 (FF)
  Destination:       GPIO_OUT<15> (PAD)
  Source Clock:      u1/PLL_BASE_inst/CLKOUT0 rising

  Data Path: u1/gpio/dir_15 to GPIO_OUT<15>
                                Gate     Net
    Cell:in->out      fanout   Delay   Delay  Logical Name (Net Name)
    ----------------------------------------  ------------
     FDC:C->Q              5   0.525   0.840  u1/gpio/dir_15 (u1/gpio/dir_15)
     INV:I->O              1   0.255   0.681  u1/gpio/dir<15>_inv1_INV_0 (u1/gpio/dir<15>_inv)
     OBUFT:T->O                2.912          GPIO_OUT_15_OBUFT (GPIO_OUT<15>)
    ----------------------------------------
    Total                      5.213ns (3.692ns logic, 1.521ns route)
                                       (70.8% logic, 29.2% route)

=========================================================================

Cross Clock Domains Report:
--------------------------

Clock to Setup on destination clock GPMC_CLK
------------------------+---------+---------+---------+---------+
                        | Src:Rise| Src:Fall| Src:Rise| Src:Fall|
Source Clock            |Dest:Rise|Dest:Rise|Dest:Fall|Dest:Fall|
------------------------+---------+---------+---------+---------+
u1/PLL_BASE_inst/CLKOUT0|         |         |    1.280|         |
------------------------+---------+---------+---------+---------+

Clock to Setup on destination clock u1/PLL_BASE_inst/CLKOUT0
------------------------+---------+---------+---------+---------+
                        | Src:Rise| Src:Fall| Src:Rise| Src:Fall|
Source Clock            |Dest:Rise|Dest:Rise|Dest:Fall|Dest:Fall|
------------------------+---------+---------+---------+---------+
GPMC_CLK                |         |    1.280|         |         |
u1/PLL_BASE_inst/CLKOUT0|    4.550|         |         |         |
------------------------+---------+---------+---------+---------+

=========================================================================


Total REAL time to Xst completion: 11.00 secs
Total CPU time to Xst completion: 9.85 secs
 
--> 


Total memory usage is 414472 kilobytes

Number of errors   :    0 (   0 filtered)
Number of warnings :   13 (   0 filtered)
Number of infos    :    5 (   0 filtered)

